<?xml version="1.0" encoding="UTF-8"?>
<testng-results skipped="0" failed="0" total="1" passed="1">
  <reporter-output>
  </reporter-output>
  <suite name="Default suite" duration-ms="10141" started-at="2021-01-17T17:52:38Z" finished-at="2021-01-17T17:52:48Z">
    <groups>
    </groups>
    <test name="Default test" duration-ms="10141" started-at="2021-01-17T17:52:38Z" finished-at="2021-01-17T17:52:48Z">
      <class name="imgAltTag.ImgAltTagDesk">
        <test-method status="PASS" signature="fetchDoctorAppointmentUrl()[pri:0, instance:imgAltTag.ImgAltTagDesk@5d5eef3d]" name="fetchDoctorAppointmentUrl" duration-ms="10079" started-at="2021-01-17T23:22:38Z" finished-at="2021-01-17T23:22:48Z">
          <reporter-output>
          </reporter-output>
        </test-method> <!-- fetchDoctorAppointmentUrl -->
      </class> <!-- imgAltTag.ImgAltTagDesk -->
    </test> <!-- Default test -->
  </suite> <!-- Default suite -->
</testng-results>
